================================================================
======== txAdmin v8.0.1 atop fxserver 27787 Starting - 06/04/2026 12:23:55
================================================================
[12:31:33] txAdmin: Logger started
[13:03:37] [W6dH9#1] PaleSpider6524: joined with identifiers [license:9c55…a320, xbl:2535…0478, live:9147…4271, license2:9c55…a320]
[13:07:23] [W6dH9#1] PaleSpider6524: said "//tx"
[13:08:00] txAdmin: Logger started
[13:08:17] [VDEby#1] PaleSpider6524: joined with identifiers [license:9c55…a320, xbl:2535…0478, live:9147…4271, license2:9c55…a320]
[13:11:09] [VDEby#1] PaleSpider6524: said "/status"
[13:11:12] [VDEby#1] PaleSpider6524: said "/status"
[13:13:46] txAdmin: Logger started
[13:14:02] [AUMzd#1] PaleSpider6524: joined with identifiers [license:9c55…a320, xbl:2535…0478, live:9147…4271, license2:9c55…a320]
[13:19:26] txAdmin: Logger started
[13:19:49] [AU89n#1] PaleSpider6524: joined with identifiers [license:9c55…a320, xbl:2535…0478, live:9147…4271, license2:9c55…a320]
[13:23:38] txAdmin: ((DM) Jpasdaxe): said "ntm"
[13:26:23] [AU89n#1] PaleSpider6524: disconnected (Disconnected.)
[13:26:53] [AU89n#2] PaleSpider6524: joined with identifiers [license:9c55…a320, xbl:2535…0478, live:9147…4271, license2:9c55…a320]
[13:33:07] [AU89n#2] PaleSpider6524: disconnected (Exiting)
[13:45:15] txAdmin: Logger started
[13:51:13] [xURWU#1] PaleSpider6524: joined with identifiers [license:9c55…a320, xbl:2535…0478, live:9147…4271, discord:6735…2252, license2:9c55…a320]
[13:56:21] txAdmin: Logger started
[13:57:01] txAdmin: Logger started
[13:57:13] [JmQnQ#1] PaleSpider6524: joined with identifiers [license:9c55…a320, xbl:2535…0478, live:9147…4271, discord:6735…2252, license2:9c55…a320]
[14:05:48] txAdmin: Logger started
[14:06:09] [KpL7X#1] PaleSpider6524: joined with identifiers [license:9c55…a320, xbl:2535…0478, live:9147…4271, discord:6735…2252, license2:9c55…a320]
[14:16:05] [KpL7X#1] PaleSpider6524: died from suicide (Falling)
[14:23:33] [KpL7X#1] PaleSpider6524: disconnected ([md] Your game authentication session expired.	Verify your internet connectivity and try again later.	If the issue persists, check our [status page](https://status.cfx.re/).		Error ID: au\_aix3byq26qw51\_4v8n5\_ji54byq26qw51\_qcak5_0.18aedd58.1775478213.2927b364)
[14:39:46] [KpL7X#2] PaleSpider6524: joined with identifiers [license:9c55…a320, xbl:2535…0478, live:9147…4271, discord:6735…2252, license2:9c55…a320]
[14:42:59] [KpL7X#2] PaleSpider6524: caused an explosion (CAR)
[14:43:02] [KpL7X#2] PaleSpider6524: caused an explosion (CAR)
[14:43:19] [KpL7X#2] PaleSpider6524: caused an explosion (CAR)
[14:43:20] [KpL7X#2] PaleSpider6524: caused an explosion (CAR)
[14:43:26] [KpL7X#2] PaleSpider6524: caused an explosion (CAR)
[14:44:03] [KpL7X#2] PaleSpider6524: caused an explosion (PLANE)
[14:44:03] [KpL7X#2] PaleSpider6524: died from suicide (Explosion)
[14:45:00] [KpL7X#2] PaleSpider6524: caused an explosion (PLANE)
[14:45:00] [KpL7X#2] PaleSpider6524: caused an explosion (PLANE)
[14:45:00] [KpL7X#2] PaleSpider6524: died from suicide (Explosion)
[14:45:33] [KpL7X#2] PaleSpider6524: died from suicide (Falling)
[14:48:12] [KpL7X#2] PaleSpider6524: caused an explosion (PLANE)
[14:48:12] [KpL7X#2] PaleSpider6524: caused an explosion (PLANE)
[14:48:13] [KpL7X#2] PaleSpider6524: died from suicide (Explosion)
[14:53:03] [KpL7X#2] PaleSpider6524: died from suicide (Falling)
[15:32:18] [KpL7X#2] PaleSpider6524: disconnected ([md] Lost connection to authentication services.	Verify your internet connectivity and try again later.	If the issue persists, check our [status page](https://status.cfx.re/).		Error ID: au\_ssobayq26qw51\_bgl86\_xm6cayq26qw51\_cqc36_0.288f1002.1775482061.9dbe6f7)
[15:48:36] [KpL7X#3] Draikeur: joined with identifiers [license:1a9a…dbf0, xbl:2535…0137, live:1055…5826, discord:1023…3986, license2:1a9a…dbf0]
[15:49:27] [KpL7X#4] PaleSpider6524: joined with identifiers [license:9c55…a320, xbl:2535…0478, live:9147…4271, discord:6735…2252, license2:9c55…a320]
[15:52:39] [KpL7X#3] Draikeur: died from suicide (Falling)
[15:55:31] [KpL7X#4] PaleSpider6524: caused an explosion (CAR)
[15:56:06] [KpL7X#3] Draikeur: caused an explosion (PLANE)
[15:56:07] [KpL7X#3] Draikeur: caused an explosion (PLANE)
[15:56:08] [KpL7X#3] Draikeur: caused an explosion (PLANE)
[15:56:09] [KpL7X#3] Draikeur: caused an explosion (PLANE)
[15:56:14] [KpL7X#3] Draikeur: caused an explosion (PLANE)
[15:56:14] [KpL7X#3] Draikeur: caused an explosion (PLANE)
[15:56:15] [KpL7X#3] Draikeur: caused an explosion (PLANE)
[15:56:24] [KpL7X#3] Draikeur: caused an explosion (PLANE)
[15:56:26] [KpL7X#3] Draikeur: caused an explosion (PLANE)
[15:56:27] [KpL7X#3] Draikeur: caused an explosion (PLANE)
[15:56:29] [KpL7X#3] Draikeur: caused an explosion (PLANE)
[15:56:47] [KpL7X#3] Draikeur: caused an explosion (BLIMP2)
[15:56:47] [KpL7X#3] Draikeur: caused an explosion (BLIMP2)
[15:56:47] [KpL7X#3] Draikeur: caused an explosion (BLIMP2)
[15:56:47] [KpL7X#3] Draikeur: caused an explosion (BLIMP2)
[15:56:47] [KpL7X#3] Draikeur: caused an explosion (BLIMP2)
[15:56:47] [KpL7X#3] Draikeur: caused an explosion (BLIMP2)
[15:56:47] [KpL7X#3] Draikeur: caused an explosion (BLIMP2)
[15:56:47] [KpL7X#3] Draikeur: caused an explosion (BLIMP2)
[15:56:47] [KpL7X#3] Draikeur: caused an explosion (BLIMP2)
[15:56:47] [KpL7X#3] Draikeur: caused an explosion (BLIMP2)
[15:56:47] [KpL7X#3] Draikeur: caused an explosion (BLIMP2)
[15:56:47] [KpL7X#3] Draikeur: caused an explosion (BLIMP2)
[15:56:47] [KpL7X#3] Draikeur: died from suicide (Explosion)
[15:56:49] [KpL7X#4] PaleSpider6524: caused an explosion (BLIMP2)
[15:56:49] [KpL7X#4] PaleSpider6524: caused an explosion (BLIMP2)
[15:56:49] [KpL7X#4] PaleSpider6524: caused an explosion (BLIMP2)
[15:56:49] [KpL7X#4] PaleSpider6524: caused an explosion (BLIMP2)
[15:56:49] [KpL7X#4] PaleSpider6524: caused an explosion (BLIMP2)
[15:56:49] [KpL7X#4] PaleSpider6524: caused an explosion (BLIMP2)
[15:56:49] [KpL7X#4] PaleSpider6524: caused an explosion (BLIMP2)
[15:56:49] [KpL7X#4] PaleSpider6524: caused an explosion (BLIMP2)
[15:56:51] [KpL7X#4] PaleSpider6524: caused an explosion (BLIMP2)
[15:56:51] [KpL7X#4] PaleSpider6524: caused an explosion (BLIMP2)
[15:56:51] [KpL7X#4] PaleSpider6524: caused an explosion (BLIMP2)
[15:56:51] [KpL7X#4] PaleSpider6524: caused an explosion (BLIMP2)
[15:56:52] [KpL7X#4] PaleSpider6524: caused an explosion (BLIMP2)
[15:56:52] [KpL7X#4] PaleSpider6524: caused an explosion (BLIMP2)
[15:56:52] [KpL7X#4] PaleSpider6524: caused an explosion (BLIMP2)
[15:56:52] [KpL7X#4] PaleSpider6524: caused an explosion (BLIMP2)
[15:56:52] [KpL7X#4] PaleSpider6524: caused an explosion (BLIMP2)
[15:56:52] [KpL7X#4] PaleSpider6524: caused an explosion (BLIMP2)
[15:56:52] [KpL7X#4] PaleSpider6524: caused an explosion (BLIMP2)
[15:56:52] [KpL7X#4] PaleSpider6524: caused an explosion (BLIMP2)
[15:57:01] [KpL7X#4] PaleSpider6524: caused an explosion (PLANE)
[15:57:01] [KpL7X#4] PaleSpider6524: died from suicide (Explosion)
[15:57:29] [KpL7X#4] PaleSpider6524: died from suicide (Fist)
[15:57:55] txAdmin: Logger started
[15:58:12] [M9nNp#1] PaleSpider6524: joined with identifiers [license:9c55…a320, xbl:2535…0478, live:9147…4271, discord:6735…2252, license2:9c55…a320]
[15:58:23] [M9nNp#2] Draikeur: joined with identifiers [license:1a9a…dbf0, xbl:2535…0137, live:1055…5826, discord:1023…3986, license2:1a9a…dbf0]
[16:06:47] [M9nNp#3] SharpBeetle4861: joined with identifiers [license:e5b4…e2c2, xbl:2535…0245, live:1055…7406, discord:7872…2200, fivem:18338370, license2:e5b4…e2c2]
[16:09:12] [M9nNp#3] SharpBeetle4861: caused an explosion (GRENADELAUNCHER)
[16:10:52] [M9nNp#3] SharpBeetle4861: died from suicide
[16:11:25] [M9nNp#1] PaleSpider6524: caused an explosion (CAR)
[16:11:33] [M9nNp#1] PaleSpider6524: caused an explosion (CAR)
[16:11:35] [M9nNp#1] PaleSpider6524: caused an explosion (CAR)
[16:11:48] [M9nNp#1] PaleSpider6524: caused an explosion (CAR)
[16:11:56] [M9nNp#1] PaleSpider6524: caused an explosion (TRUCK)
[16:12:01] [M9nNp#3] SharpBeetle4861: caused an explosion (CAR)
[16:12:03] [M9nNp#1] PaleSpider6524: caused an explosion (CAR)
[16:12:06] [M9nNp#1] PaleSpider6524: caused an explosion (CAR)
[16:12:10] [M9nNp#1] PaleSpider6524: caused an explosion (CAR)
[16:12:35] [M9nNp#3] SharpBeetle4861: died from suicide (Falling)
[16:12:59] [M9nNp#1] PaleSpider6524: died from suicide (Fist)
[16:13:08] [M9nNp#1] PaleSpider6524: died from suicide (Falling)
[16:15:48] txAdmin: Logger started
[16:16:07] [dQUJF#1] PaleSpider6524: joined with identifiers [license:9c55…a320, xbl:2535…0478, live:9147…4271, discord:6735…2252, license2:9c55…a320]
[16:16:22] [dQUJF#2] Draikeur: joined with identifiers [license:1a9a…dbf0, xbl:2535…0137, live:1055…5826, discord:1023…3986, license2:1a9a…dbf0]
[16:17:27] [dQUJF#3] SharpBeetle4861: joined with identifiers [license:e5b4…e2c2, xbl:2535…0245, live:1055…7406, discord:7872…2200, fivem:18338370, license2:e5b4…e2c2]
[16:17:56] txAdmin: Logger started
[16:18:13] [tmFjG#1] PaleSpider6524: joined with identifiers [license:9c55…a320, xbl:2535…0478, live:9147…4271, discord:6735…2252, license2:9c55…a320]
[16:18:20] [tmFjG#2] SharpBeetle4861: joined with identifiers [license:e5b4…e2c2, xbl:2535…0245, live:1055…7406, discord:7872…2200, fivem:18338370, license2:e5b4…e2c2]
[16:18:49] [tmFjG#1] PaleSpider6524: died from suicide (Cougar)
[16:19:16] [tmFjG#3] Draikeur: joined with identifiers [license:1a9a…dbf0, xbl:2535…0137, live:1055…5826, discord:1023…3986, license2:1a9a…dbf0]
[16:20:44] [tmFjG#3] Draikeur: disconnected (Server->client connection timed out. Last seen 20793 msec ago.)
[16:21:08] [tmFjG#2] SharpBeetle4861: disconnected (Server->client connection timed out. Last seen 55992 msec ago.)
[16:21:26] txAdmin: Logger started
[16:21:44] [XexJy#1] PaleSpider6524: joined with identifiers [license:9c55…a320, xbl:2535…0478, live:9147…4271, discord:6735…2252, license2:9c55…a320]
[16:21:50] [XexJy#2] Draikeur: joined with identifiers [license:1a9a…dbf0, xbl:2535…0137, live:1055…5826, discord:1023…3986, license2:1a9a…dbf0]
[16:22:24] [XexJy#3] SharpBeetle4861: joined with identifiers [license:e5b4…e2c2, xbl:2535…0245, live:1055…7406, discord:7872…2200, fivem:18338370, license2:e5b4…e2c2]
[16:22:35] [XexJy#1] PaleSpider6524: caused an explosion (ROCKET)
[16:24:44] [XexJy#4] SharpBeetle4861: joined with identifiers [license:e5b4…e2c2, xbl:2535…0245, live:1055…7406, discord:7872…2200, fivem:18338370, license2:e5b4…e2c2]
[16:24:52] [XexJy#3] SharpBeetle4861: disconnected (Server->client connection timed out. Last seen 40429 msec ago.)
[16:25:27] [XexJy#2] Draikeur: disconnected (Exiting)
[16:27:59] [XexJy#4] SharpBeetle4861: caused an explosion (GRENADELAUNCHER)
[16:27:59] [XexJy#1] PaleSpider6524: caused an explosion (CAR)
[16:29:15] [XexJy#1] PaleSpider6524: died from suicide
[16:35:34] [XexJy#4] SharpBeetle4861: caused an explosion (PLANE)
[16:38:03] [XexJy#1] PaleSpider6524: caused an explosion (PLANE_ROCKET)
[16:38:04] [XexJy#1] PaleSpider6524: caused an explosion (PLANE_ROCKET)
[16:38:10] [XexJy#4] SharpBeetle4861: caused an explosion (PLANE)
[16:38:46] [XexJy#4] SharpBeetle4861: caused an explosion (PLANE)
[16:38:46] [XexJy#1] PaleSpider6524: caused an explosion (PLANE)
[16:38:47] [XexJy#1] PaleSpider6524: caused an explosion (PLANE)
[16:39:13] [XexJy#1] PaleSpider6524: caused an explosion (PLANE)
[16:39:13] [XexJy#1] PaleSpider6524: caused an explosion (PLANE)
[16:39:52] [XexJy#4] SharpBeetle4861: caused an explosion (PLANE)
[16:39:52] [XexJy#4] SharpBeetle4861: caused an explosion (PLANE)
[16:40:24] [XexJy#1] PaleSpider6524: caused an explosion (PLANE)
[16:40:24] [XexJy#1] PaleSpider6524: caused an explosion (PLANE)
[16:41:28] [XexJy#4] SharpBeetle4861: caused an explosion (BLIMP)
[16:41:28] [XexJy#4] SharpBeetle4861: caused an explosion (BLIMP)
[16:41:28] [XexJy#4] SharpBeetle4861: caused an explosion (BLIMP)
[16:41:28] [XexJy#4] SharpBeetle4861: caused an explosion (BLIMP)
[16:41:45] [XexJy#1] PaleSpider6524: caused an explosion (PLANE)
[16:45:47] [XexJy#4] SharpBeetle4861: caused an explosion (GRENADELAUNCHER)
[16:45:58] [XexJy#4] SharpBeetle4861: caused an explosion (GRENADELAUNCHER)
[16:46:11] [XexJy#1] PaleSpider6524: caused an explosion (ROCKET)
[16:49:04] [XexJy#4] SharpBeetle4861: caused an explosion (STICKYBOMB)
[16:49:10] [XexJy#1] PaleSpider6524: caused an explosion (GRENADE)
[16:51:19] [XexJy#1] PaleSpider6524: caused an explosion (TRUCK)
[16:51:19] [XexJy#1] PaleSpider6524: caused an explosion (PLANE)
[16:51:19] [XexJy#1] PaleSpider6524: caused an explosion (PLANE)
[16:51:19] [XexJy#1] PaleSpider6524: caused an explosion (PLANE)
[16:51:19] [XexJy#1] PaleSpider6524: caused an explosion (PLANE)
[16:51:19] [XexJy#1] PaleSpider6524: caused an explosion (PLANE)
[16:51:19] [XexJy#1] PaleSpider6524: caused an explosion (PLANE)
[17:07:12] [XexJy#4] SharpBeetle4861: disconnected (Server->client connection timed out. Last seen 10468 msec ago.)
[17:07:29] [XexJy#1] PaleSpider6524: disconnected (Exiting)
[18:03:46] txAdmin: Logger started
[18:04:25] [3N6in#1] SharpBeetle4861: joined with identifiers [license:e5b4…e2c2, xbl:2535…0245, live:1055…7406, discord:7872…2200, fivem:18338370, license2:e5b4…e2c2]
[18:05:12] txAdmin: ((DM) Jpasdaxe): said "ntm"
[18:11:28] [3N6in#2] Draikeur: joined with identifiers [license:1a9a…dbf0, xbl:2535…0137, live:1055…5826, discord:1023…3986, license2:1a9a…dbf0]
[18:11:42] [3N6in#1] SharpBeetle4861: caused an explosion (PLANE)
[18:11:42] [3N6in#1] SharpBeetle4861: caused an explosion (PLANE)
[18:11:42] [3N6in#1] SharpBeetle4861: caused an explosion (PLANE)
[18:11:42] [3N6in#1] SharpBeetle4861: caused an explosion (PLANE)
[18:12:19] [3N6in#2] Draikeur: died from suicide (Falling)
[18:13:04] [3N6in#1] SharpBeetle4861: caused an explosion (PLANE)
[18:13:54] [3N6in#1] SharpBeetle4861: caused an explosion (STICKYBOMB)
[18:20:07] [3N6in#2] Draikeur: caused an explosion (GRENADELAUNCHER)
[18:20:13] [3N6in#2] Draikeur: caused an explosion (GRENADE)
[18:20:17] [3N6in#2] Draikeur: caused an explosion (GRENADE)
[18:20:21] [3N6in#2] Draikeur: caused an explosion (GRENADE)
[18:20:23] [3N6in#2] Draikeur: caused an explosion (GRENADE)
[18:20:24] [3N6in#2] Draikeur: caused an explosion (GRENADE)
[18:20:37] [3N6in#2] Draikeur: caused an explosion (GRENADELAUNCHER)
[18:20:43] [3N6in#2] Draikeur: caused an explosion (RAILGUN)
[18:20:46] [3N6in#2] Draikeur: caused an explosion (RAILGUN)
[18:20:46] [3N6in#1] SharpBeetle4861: caused an explosion (UNKNOWN)
[18:20:46] [3N6in#1] SharpBeetle4861: caused an explosion (UNKNOWN)
[18:20:46] [3N6in#1] SharpBeetle4861: caused an explosion (UNKNOWN)
[18:20:46] [3N6in#1] SharpBeetle4861: caused an explosion (UNKNOWN)
[18:20:46] [3N6in#1] SharpBeetle4861: caused an explosion (UNKNOWN)
[18:20:47] [3N6in#2] Draikeur: caused an explosion (RAILGUN)
[18:20:49] [3N6in#2] Draikeur: caused an explosion (RAILGUN)
[18:20:51] [3N6in#2] Draikeur: caused an explosion (RAILGUN)
[18:20:52] [3N6in#2] Draikeur: caused an explosion (RAILGUN)
[18:20:56] [3N6in#2] Draikeur: caused an explosion (RAILGUN)
[18:21:55] [3N6in#2] Draikeur: caused an explosion (RAILGUN)
[18:21:58] [3N6in#2] Draikeur: caused an explosion (RAILGUN)
[18:22:00] [3N6in#2] Draikeur: caused an explosion (RAILGUN)
[18:22:02] [3N6in#2] Draikeur: caused an explosion (RAILGUN)
[18:22:04] [3N6in#1] SharpBeetle4861: caused an explosion (GRENADELAUNCHER)
[18:22:18] [3N6in#2] Draikeur: caused an explosion (RAYGUN)
[18:25:25] [3N6in#2] Draikeur: caused an explosion (ROCKET)
[18:25:32] [3N6in#2] Draikeur: caused an explosion (FIREWORK)
[18:25:35] [3N6in#2] Draikeur: caused an explosion (FIREWORK)
[18:25:40] [3N6in#2] Draikeur: caused an explosion (FIREWORK)
[18:26:03] [3N6in#2] Draikeur: caused an explosion (FIREWORK)
[18:26:10] [3N6in#2] Draikeur: caused an explosion (FIREWORK)
[18:26:51] [3N6in#3] PaleSpider6524: joined with identifiers [license:9c55…a320, xbl:2535…0478, live:9147…4271, discord:6735…2252, license2:9c55…a320]
[18:31:44] [3N6in#2] Draikeur: caused an explosion (PLANE)
[18:31:44] [3N6in#2] Draikeur: caused an explosion (PLANE)
[18:31:44] [3N6in#2] Draikeur: caused an explosion (PLANE)
[18:31:44] [3N6in#2] Draikeur: caused an explosion (PLANE)
[18:31:57] [3N6in#2] Draikeur: caused an explosion (PLANE)
[18:32:04] [3N6in#2] Draikeur: caused an explosion (PLANE)
[18:32:04] [3N6in#2] Draikeur: caused an explosion (PLANE)
[18:32:04] [3N6in#1] SharpBeetle4861: caused an explosion (TORPEDO)
[18:32:04] [3N6in#1] SharpBeetle4861: caused an explosion (CAR)
[18:32:14] [3N6in#2] Draikeur: caused an explosion (PLANE)
[18:32:14] [3N6in#2] Draikeur: caused an explosion (PLANE)
[18:32:14] [3N6in#2] Draikeur: caused an explosion (PLANE)
[18:32:14] [3N6in#2] Draikeur: caused an explosion (PLANE)
[18:32:14] [3N6in#2] Draikeur: caused an explosion (PLANE)
[18:32:14] [3N6in#2] Draikeur: caused an explosion (PLANE)
[18:47:27] [3N6in#2] Draikeur: caused an explosion (PLANE)
[18:47:27] [3N6in#2] Draikeur: caused an explosion (PLANE)
[18:47:27] [3N6in#2] Draikeur: caused an explosion (PLANE)
[18:47:27] [3N6in#2] Draikeur: caused an explosion (PLANE)
[18:47:27] [3N6in#2] Draikeur: caused an explosion (PLANE)
[18:47:27] [3N6in#2] Draikeur: caused an explosion (PLANE)
[18:48:46] [3N6in#2] Draikeur: caused an explosion (UNKNOWN)
[18:48:46] [3N6in#2] Draikeur: caused an explosion (UNKNOWN)
[18:48:46] [3N6in#2] Draikeur: caused an explosion (UNKNOWN)
[18:48:46] [3N6in#2] Draikeur: caused an explosion (UNKNOWN)
[18:48:46] [3N6in#2] Draikeur: caused an explosion (UNKNOWN)
[18:48:46] [3N6in#2] Draikeur: caused an explosion (UNKNOWN)
[18:48:46] [3N6in#2] Draikeur: caused an explosion (UNKNOWN)
[18:48:46] [3N6in#2] Draikeur: caused an explosion (UNKNOWN)
[18:48:46] [3N6in#2] Draikeur: caused an explosion (UNKNOWN)
[18:48:46] [3N6in#2] Draikeur: caused an explosion (UNKNOWN)
[18:48:46] [3N6in#2] Draikeur: caused an explosion (UNKNOWN)
[18:48:46] [3N6in#2] Draikeur: caused an explosion (UNKNOWN)
[18:48:47] [3N6in#2] Draikeur: caused an explosion (UNKNOWN)
[18:48:47] [3N6in#2] Draikeur: caused an explosion (UNKNOWN)
[18:48:47] [3N6in#2] Draikeur: caused an explosion (UNKNOWN)
[18:48:47] [3N6in#2] Draikeur: caused an explosion (UNKNOWN)
[18:48:47] [3N6in#2] Draikeur: caused an explosion (UNKNOWN)
[18:48:47] [3N6in#2] Draikeur: caused an explosion (UNKNOWN)
[18:48:47] [3N6in#2] Draikeur: caused an explosion (UNKNOWN)
[18:48:47] [3N6in#2] Draikeur: caused an explosion (UNKNOWN)
[18:48:47] [3N6in#2] Draikeur: caused an explosion (UNKNOWN)
[18:48:47] [3N6in#2] Draikeur: caused an explosion (UNKNOWN)
[18:48:47] [3N6in#2] Draikeur: caused an explosion (UNKNOWN)
[18:48:47] [3N6in#2] Draikeur: caused an explosion (UNKNOWN)
[18:48:47] [3N6in#2] Draikeur: caused an explosion (UNKNOWN)
[18:48:47] [3N6in#2] Draikeur: caused an explosion (BOAT)
[18:48:48] [3N6in#2] Draikeur: caused an explosion (UNKNOWN)
[18:48:48] [3N6in#2] Draikeur: caused an explosion (UNKNOWN)
[18:48:48] [3N6in#2] Draikeur: caused an explosion (UNKNOWN)
[18:48:48] [3N6in#2] Draikeur: caused an explosion (UNKNOWN)
[18:48:48] [3N6in#2] Draikeur: caused an explosion (UNKNOWN)
[18:48:49] [3N6in#2] Draikeur: caused an explosion (UNKNOWN)
[18:48:49] [3N6in#2] Draikeur: caused an explosion (UNKNOWN)
[18:48:49] [3N6in#2] Draikeur: caused an explosion (UNKNOWN)
[18:48:49] [3N6in#2] Draikeur: caused an explosion (UNKNOWN)
[18:48:50] [3N6in#2] Draikeur: caused an explosion (UNKNOWN)
[18:48:50] [3N6in#2] Draikeur: caused an explosion (UNKNOWN)
[18:48:50] [3N6in#2] Draikeur: caused an explosion (UNKNOWN)
[18:48:50] [3N6in#2] Draikeur: caused an explosion (UNKNOWN)
[18:48:50] [3N6in#2] Draikeur: caused an explosion (UNKNOWN)
[18:48:53] [3N6in#2] Draikeur: caused an explosion (UNKNOWN)
[18:48:53] [3N6in#2] Draikeur: caused an explosion (UNKNOWN)
[18:48:53] [3N6in#2] Draikeur: caused an explosion (UNKNOWN)
[18:48:53] [3N6in#2] Draikeur: caused an explosion (UNKNOWN)
[18:48:53] [3N6in#2] Draikeur: caused an explosion (UNKNOWN)
[18:48:57] [3N6in#2] Draikeur: caused an explosion (UNKNOWN)
[18:48:58] [3N6in#2] Draikeur: caused an explosion (UNKNOWN)
[18:48:58] [3N6in#2] Draikeur: caused an explosion (UNKNOWN)
[18:48:58] [3N6in#2] Draikeur: caused an explosion (UNKNOWN)
[18:48:59] [3N6in#2] Draikeur: caused an explosion (UNKNOWN)
[18:48:59] [3N6in#2] Draikeur: caused an explosion (UNKNOWN)
[18:49:00] [3N6in#2] Draikeur: caused an explosion (UNKNOWN)
[18:49:01] [3N6in#2] Draikeur: caused an explosion (UNKNOWN)
[18:49:01] [3N6in#2] Draikeur: caused an explosion (UNKNOWN)
[18:49:01] [3N6in#2] Draikeur: caused an explosion (UNKNOWN)
[18:49:02] [3N6in#2] Draikeur: caused an explosion (UNKNOWN)
[18:49:03] [3N6in#2] Draikeur: caused an explosion (UNKNOWN)
[18:49:07] [3N6in#3] PaleSpider6524: died from suicide (Falling)
[18:49:16] [3N6in#2] Draikeur: caused an explosion (UNKNOWN)
[18:49:17] [3N6in#1] SharpBeetle4861: caused an explosion (ROCKET)
[18:49:17] [3N6in#2] Draikeur: caused an explosion (UNKNOWN)
[18:49:18] [3N6in#2] Draikeur: caused an explosion (UNKNOWN)
[18:51:00] [3N6in#1] SharpBeetle4861: caused an explosion (TRUCK)
[18:51:08] [3N6in#1] SharpBeetle4861: caused an explosion (CAR)
[18:52:22] [3N6in#1] SharpBeetle4861: disconnected (Exiting)
[18:55:07] [3N6in#3] PaleSpider6524: caused an explosion (PLANE)
[18:55:08] [3N6in#3] PaleSpider6524: died from suicide (Falling)
[18:55:31] [3N6in#3] PaleSpider6524: died from suicide (Falling)
[18:55:32] [3N6in#3] PaleSpider6524: caused an explosion (PLANE)
[18:55:32] [3N6in#3] PaleSpider6524: caused an explosion (PLANE)
[18:56:16] [3N6in#3] PaleSpider6524: caused an explosion (PLANE_ROCKET)
[18:56:39] [3N6in#3] PaleSpider6524: caused an explosion (PLANE_ROCKET)
[18:56:40] [3N6in#3] PaleSpider6524: caused an explosion (PLANE_ROCKET)
[18:58:34] [3N6in#2] Draikeur: disconnected (Server->client connection timed out. Last seen 23244 msec ago.)
[20:13:50] [3N6in#3] PaleSpider6524: caused an explosion (PLANE)
[20:13:50] [3N6in#3] PaleSpider6524: died from suicide (Explosion)
[20:45:01] [3N6in#4] SharpBeetle4861: joined with identifiers [license:e5b4…e2c2, xbl:2535…0245, live:1055…7406, discord:7872…2200, fivem:18338370, license2:e5b4…e2c2]
[21:05:09] [3N6in#4] SharpBeetle4861: caused an explosion (GRENADELAUNCHER)
[21:05:09] [3N6in#4] SharpBeetle4861: caused an explosion (CAR)
[21:05:10] [3N6in#4] SharpBeetle4861: caused an explosion (CAR)
[21:05:10] [3N6in#4] SharpBeetle4861: caused an explosion (CAR)
[21:05:10] [3N6in#4] SharpBeetle4861: caused an explosion (CAR)
[21:05:11] [3N6in#4] SharpBeetle4861: caused an explosion (GRENADELAUNCHER)
[21:05:11] [3N6in#4] SharpBeetle4861: caused an explosion (CAR)
[21:05:11] [3N6in#4] SharpBeetle4861: caused an explosion (CAR)
[21:05:11] [3N6in#4] SharpBeetle4861: caused an explosion (CAR)
[21:05:11] [3N6in#4] SharpBeetle4861: caused an explosion (CAR)
[21:05:11] [3N6in#4] SharpBeetle4861: caused an explosion (CAR)
[21:05:11] [3N6in#4] SharpBeetle4861: caused an explosion (CAR)
[21:05:13] [3N6in#4] SharpBeetle4861: caused an explosion (GRENADELAUNCHER)
[21:05:13] [3N6in#4] SharpBeetle4861: caused an explosion (CAR)
[21:05:13] [3N6in#4] SharpBeetle4861: caused an explosion (CAR)
[21:05:17] [3N6in#4] SharpBeetle4861: caused an explosion (CAR)
[21:05:18] [3N6in#4] SharpBeetle4861: caused an explosion (CAR)
[21:05:19] [3N6in#4] SharpBeetle4861: caused an explosion (CAR)
[21:05:22] [3N6in#4] SharpBeetle4861: caused an explosion (GRENADELAUNCHER)
[21:05:22] [3N6in#4] SharpBeetle4861: caused an explosion (CAR)
[21:05:22] [3N6in#4] SharpBeetle4861: caused an explosion (CAR)
[21:05:22] [3N6in#4] SharpBeetle4861: caused an explosion (CAR)
[21:05:23] [3N6in#4] SharpBeetle4861: caused an explosion (CAR)
[21:05:24] [3N6in#4] SharpBeetle4861: caused an explosion (CAR)
[21:05:24] [3N6in#4] SharpBeetle4861: caused an explosion (GRENADELAUNCHER)
[21:05:24] [3N6in#4] SharpBeetle4861: caused an explosion (CAR)
[21:05:25] [3N6in#4] SharpBeetle4861: caused an explosion (GRENADELAUNCHER)
[21:05:25] [3N6in#4] SharpBeetle4861: caused an explosion (CAR)
[21:05:26] [3N6in#4] SharpBeetle4861: caused an explosion (CAR)
[21:05:26] [3N6in#4] SharpBeetle4861: caused an explosion (GRENADELAUNCHER)
[21:05:26] [3N6in#4] SharpBeetle4861: caused an explosion (CAR)
[21:05:27] [3N6in#4] SharpBeetle4861: caused an explosion (CAR)
[21:05:27] [3N6in#4] SharpBeetle4861: caused an explosion (CAR)
[21:05:28] [3N6in#4] SharpBeetle4861: caused an explosion (CAR)
[21:05:28] [3N6in#4] SharpBeetle4861: caused an explosion (CAR)
[21:05:29] [3N6in#4] SharpBeetle4861: caused an explosion (CAR)
[21:05:30] [3N6in#4] SharpBeetle4861: caused an explosion (GRENADELAUNCHER)
[21:05:30] [3N6in#4] SharpBeetle4861: caused an explosion (CAR)
[21:05:30] [3N6in#4] SharpBeetle4861: caused an explosion (CAR)
[21:05:30] [3N6in#4] SharpBeetle4861: caused an explosion (CAR)
[21:05:34] [3N6in#4] SharpBeetle4861: caused an explosion (GRENADELAUNCHER)
[21:05:34] [3N6in#4] SharpBeetle4861: caused an explosion (CAR)
[21:05:34] [3N6in#4] SharpBeetle4861: caused an explosion (CAR)
[21:05:36] [3N6in#4] SharpBeetle4861: caused an explosion (CAR)
[21:05:37] [3N6in#4] SharpBeetle4861: caused an explosion (CAR)
[21:05:38] [3N6in#4] SharpBeetle4861: caused an explosion (CAR)
[21:05:38] [3N6in#4] SharpBeetle4861: caused an explosion (GRENADELAUNCHER)
[21:05:38] [3N6in#4] SharpBeetle4861: caused an explosion (CAR)
[21:05:38] [3N6in#4] SharpBeetle4861: caused an explosion (CAR)
[21:05:39] [3N6in#4] SharpBeetle4861: caused an explosion (GRENADELAUNCHER)
[21:05:39] [3N6in#4] SharpBeetle4861: caused an explosion (CAR)
[21:05:42] [3N6in#4] SharpBeetle4861: caused an explosion (GRENADELAUNCHER)
[21:05:42] [3N6in#4] SharpBeetle4861: caused an explosion (CAR)
[21:05:46] [3N6in#4] SharpBeetle4861: caused an explosion (GRENADELAUNCHER)
[21:05:46] [3N6in#4] SharpBeetle4861: caused an explosion (CAR)
[21:05:49] [3N6in#4] SharpBeetle4861: caused an explosion (GRENADELAUNCHER)
[21:05:49] [3N6in#4] SharpBeetle4861: caused an explosion (CAR)
[21:05:51] [3N6in#4] SharpBeetle4861: disconnected (Exiting)
[21:35:12] [3N6in#3] PaleSpider6524: disconnected ([md] Lost connection to authentication services.	Verify your internet connectivity and try again later.	If the issue persists, check our [status page](https://status.cfx.re/).		Error ID: au\_6umk9yq26qw51\_pj9ea\_qm20pg6s4to21\_h45ba_0.968f1002.1775503835.f27cbd6)
[21:55:10] [3N6in#5] SharpBeetle4861: joined with identifiers [license:e5b4…e2c2, xbl:2535…0245, live:1055…7406, discord:7872…2200, fivem:18338370, license2:e5b4…e2c2]
[21:55:27] [3N6in#6] PaleSpider6524: joined with identifiers [license:9c55…a320, xbl:2535…0478, live:9147…4271, discord:6735…2252, license2:9c55…a320]
[21:56:42] [3N6in#7] Draikeur: joined with identifiers [license:1a9a…dbf0, xbl:2535…0137, live:1055…5826, discord:1023…3986, license2:1a9a…dbf0]
[22:29:14] [3N6in#6] PaleSpider6524: caused an explosion (GRENADE)
[22:29:15] [3N6in#6] PaleSpider6524: caused an explosion (GRENADE)
[22:29:15] [3N6in#6] PaleSpider6524: caused an explosion (CAR)
[22:29:25] [3N6in#6] PaleSpider6524: caused an explosion (GRENADE)
[22:29:27] [3N6in#6] PaleSpider6524: caused an explosion (GRENADE)
[22:29:37] [3N6in#6] PaleSpider6524: caused an explosion (GRENADE)
[22:29:40] [3N6in#7] Draikeur: caused an explosion (STICKYBOMB)
[22:29:42] [3N6in#7] Draikeur: caused an explosion (STICKYBOMB)
[22:29:43] [3N6in#7] Draikeur: caused an explosion (STICKYBOMB)
[22:29:44] [3N6in#5] SharpBeetle4861: caused an explosion (CAR)
[22:29:45] [3N6in#7] Draikeur: caused an explosion (STICKYBOMB)
[22:29:46] [3N6in#6] PaleSpider6524: caused an explosion (GRENADE)
[22:29:48] [3N6in#7] Draikeur: caused an explosion (STICKYBOMB)
[22:29:50] [3N6in#7] Draikeur: caused an explosion (STICKYBOMB)
[22:29:53] [3N6in#7] Draikeur: caused an explosion (STICKYBOMB)
[22:29:53] [3N6in#7] Draikeur: caused an explosion (STICKYBOMB)
[22:29:53] [3N6in#6] PaleSpider6524: caused an explosion (GRENADE)
[22:29:54] [3N6in#7] Draikeur: caused an explosion (STICKYBOMB)
[22:29:54] [3N6in#7] Draikeur: caused an explosion (CAR)
[22:29:54] [3N6in#7] Draikeur: died from suicide (Sticky Bomb)
[22:29:58] [3N6in#6] PaleSpider6524: caused an explosion (GRENADE)
[22:30:01] [3N6in#6] PaleSpider6524: caused an explosion (GRENADE)
[22:30:02] [3N6in#6] PaleSpider6524: caused an explosion (GRENADE)
[22:30:04] [3N6in#6] PaleSpider6524: caused an explosion (GRENADE)
[22:30:05] [3N6in#6] PaleSpider6524: caused an explosion (GRENADE)
[22:30:07] [3N6in#6] PaleSpider6524: caused an explosion (GRENADE)
[22:30:08] [3N6in#6] PaleSpider6524: caused an explosion (GRENADE)
[22:30:11] [3N6in#6] PaleSpider6524: caused an explosion (GRENADE)
[22:30:11] [3N6in#6] PaleSpider6524: caused an explosion (CAR)
[22:30:12] [3N6in#6] PaleSpider6524: caused an explosion (GRENADE)
[22:30:14] [3N6in#6] PaleSpider6524: caused an explosion (GRENADE)
[22:30:14] [3N6in#6] PaleSpider6524: caused an explosion (CAR)
[22:30:15] [3N6in#6] PaleSpider6524: caused an explosion (GRENADE)
[22:30:17] [3N6in#6] PaleSpider6524: caused an explosion (GRENADE)
[22:30:26] [3N6in#7] Draikeur: caused an explosion (GRENADE)
[22:30:28] [3N6in#6] PaleSpider6524: caused an explosion (GRENADE)
[22:30:29] [3N6in#6] PaleSpider6524: caused an explosion (GRENADE)
[22:30:30] [3N6in#6] PaleSpider6524: caused an explosion (GRENADE)
[22:30:31] [3N6in#6] PaleSpider6524: caused an explosion (GRENADE)
[22:30:32] [3N6in#6] PaleSpider6524: caused an explosion (GRENADE)
[22:30:36] [3N6in#6] PaleSpider6524: caused an explosion (GRENADE)
[22:30:37] [3N6in#6] PaleSpider6524: caused an explosion (GRENADE)
[22:30:39] [3N6in#6] PaleSpider6524: caused an explosion (GRENADE)
[22:30:42] [3N6in#6] PaleSpider6524: caused an explosion (GRENADE)
[22:30:53] [3N6in#6] PaleSpider6524: caused an explosion (GRENADE)
[22:30:57] [3N6in#6] PaleSpider6524: caused an explosion (GRENADE)
[22:30:58] [3N6in#6] PaleSpider6524: caused an explosion (GRENADE)
[22:31:02] [3N6in#6] PaleSpider6524: caused an explosion (GRENADE)
[22:31:03] [3N6in#6] PaleSpider6524: caused an explosion (GRENADE)
[22:31:04] [3N6in#6] PaleSpider6524: caused an explosion (GRENADE)
[22:31:06] [3N6in#7] Draikeur: died from Ranover by Vehicle by PaleSpider6524
[22:31:06] [3N6in#6] PaleSpider6524: caused an explosion (GRENADE)
[22:31:08] [3N6in#6] PaleSpider6524: caused an explosion (GRENADE)
[22:31:09] [3N6in#6] PaleSpider6524: caused an explosion (GRENADE)
[22:31:10] [3N6in#6] PaleSpider6524: caused an explosion (GRENADE)
[22:31:33] [3N6in#6] PaleSpider6524: died from suicide (Falling)
[22:31:34] [3N6in#6] PaleSpider6524: caused an explosion (GRENADE)
[22:31:54] [3N6in#7] Draikeur: caused an explosion (TANKSHELL)
[22:32:07] [3N6in#7] Draikeur: caused an explosion (TANKSHELL)
[22:32:25] [3N6in#7] Draikeur: caused an explosion (TANKSHELL)
[22:32:25] [3N6in#5] SharpBeetle4861: caused an explosion (CAR)
[22:32:29] [3N6in#7] Draikeur: caused an explosion (TANKSHELL)
[22:32:29] [3N6in#7] Draikeur: caused an explosion (CAR)
[22:32:30] [3N6in#7] Draikeur: caused an explosion (TANKSHELL)
[22:32:32] [3N6in#7] Draikeur: caused an explosion (TANKSHELL)
[22:32:32] [3N6in#7] Draikeur: caused an explosion (CAR)
[22:32:33] [3N6in#7] Draikeur: caused an explosion (TANKSHELL)
[22:32:33] [3N6in#7] Draikeur: caused an explosion (CAR)
[22:32:36] [3N6in#7] Draikeur: caused an explosion (TANKSHELL)
[22:32:36] [3N6in#5] SharpBeetle4861: caused an explosion (CAR)
[22:32:37] [3N6in#7] Draikeur: caused an explosion (TANKSHELL)
[22:32:37] [3N6in#7] Draikeur: caused an explosion (CAR)
[22:32:41] [3N6in#7] Draikeur: caused an explosion (TANKSHELL)
[22:32:41] [3N6in#5] SharpBeetle4861: caused an explosion (CAR)
[22:32:43] [3N6in#7] Draikeur: caused an explosion (TANKSHELL)
[22:32:43] [3N6in#5] SharpBeetle4861: caused an explosion (CAR)
[22:32:44] [3N6in#7] Draikeur: caused an explosion (TANKSHELL)
[22:32:46] [3N6in#7] Draikeur: caused an explosion (TANKSHELL)
[22:32:46] [3N6in#7] Draikeur: caused an explosion (CAR)
[22:32:56] [3N6in#7] Draikeur: caused an explosion (TANKSHELL)
[22:32:56] [3N6in#7] Draikeur: caused an explosion (CAR)
[22:32:59] [3N6in#7] Draikeur: caused an explosion (TANKSHELL)
[22:32:59] [3N6in#5] SharpBeetle4861: caused an explosion (CAR)
[22:33:01] [3N6in#7] Draikeur: caused an explosion (TANKSHELL)
[22:33:03] [3N6in#7] Draikeur: caused an explosion (TANKSHELL)
[22:33:04] [3N6in#7] Draikeur: caused an explosion (TANKSHELL)
[22:33:04] [3N6in#5] SharpBeetle4861: caused an explosion (CAR)
[22:33:06] [3N6in#7] Draikeur: caused an explosion (TANKSHELL)
[22:33:07] [3N6in#7] Draikeur: caused an explosion (TANKSHELL)
[22:33:07] [3N6in#5] SharpBeetle4861: caused an explosion (CAR)
[22:33:08] [3N6in#7] Draikeur: caused an explosion (TANKSHELL)
[22:33:15] [3N6in#5] SharpBeetle4861: caused an explosion (TANKSHELL)
[22:33:17] [3N6in#5] SharpBeetle4861: caused an explosion (TANKSHELL)
[22:33:19] [3N6in#5] SharpBeetle4861: caused an explosion (TANKSHELL)
[22:33:20] [3N6in#5] SharpBeetle4861: caused an explosion (TANKSHELL)
[22:33:20] [3N6in#7] Draikeur: caused an explosion (TANKSHELL)
[22:33:22] [3N6in#5] SharpBeetle4861: caused an explosion (TANKSHELL)
[22:33:22] [3N6in#7] Draikeur: caused an explosion (TANKSHELL)
[22:33:24] [3N6in#5] SharpBeetle4861: caused an explosion (TANKSHELL)
[22:33:27] [3N6in#7] Draikeur: caused an explosion (TANKSHELL)
[22:33:28] [3N6in#7] Draikeur: caused an explosion (TANKSHELL)
[22:33:30] [3N6in#7] Draikeur: caused an explosion (TANKSHELL)
[22:33:31] [3N6in#7] Draikeur: caused an explosion (TANKSHELL)
[22:33:33] [3N6in#7] Draikeur: caused an explosion (TANKSHELL)
[22:33:34] [3N6in#7] Draikeur: caused an explosion (TANKSHELL)
[22:33:36] [3N6in#7] Draikeur: caused an explosion (TANKSHELL)
[22:33:37] [3N6in#7] Draikeur: caused an explosion (TANKSHELL)
[22:33:39] [3N6in#7] Draikeur: caused an explosion (TANKSHELL)
[22:33:40] [3N6in#7] Draikeur: caused an explosion (TANKSHELL)
[22:33:43] [3N6in#7] Draikeur: caused an explosion (TANKSHELL)
[22:33:44] [3N6in#7] Draikeur: caused an explosion (TANKSHELL)
[22:33:44] [3N6in#5] SharpBeetle4861: caused an explosion (TANKSHELL)
[22:33:44] [3N6in#5] SharpBeetle4861: caused an explosion (CAR)
[22:33:44] [3N6in#5] SharpBeetle4861: caused an explosion (CAR)
[22:33:45] [3N6in#5] SharpBeetle4861: caused an explosion (TANKSHELL)
[22:33:46] [3N6in#7] Draikeur: caused an explosion (TANKSHELL)
[22:33:47] [3N6in#5] SharpBeetle4861: caused an explosion (TANKSHELL)
[22:33:47] [3N6in#7] Draikeur: caused an explosion (TANKSHELL)
[22:33:49] [3N6in#5] SharpBeetle4861: caused an explosion (TANKSHELL)
[22:33:50] [3N6in#7] Draikeur: caused an explosion (TANKSHELL)
[22:33:51] [3N6in#5] SharpBeetle4861: caused an explosion (TANKSHELL)
[22:33:51] [3N6in#7] Draikeur: caused an explosion (TANKSHELL)
[22:33:52] [3N6in#5] SharpBeetle4861: caused an explosion (TANKSHELL)
[22:33:53] [3N6in#7] Draikeur: caused an explosion (TANKSHELL)
[22:33:54] [3N6in#5] SharpBeetle4861: caused an explosion (TANKSHELL)
[22:33:56] [3N6in#5] SharpBeetle4861: caused an explosion (TANKSHELL)
[22:33:57] [3N6in#5] SharpBeetle4861: caused an explosion (TANKSHELL)
[22:33:59] [3N6in#5] SharpBeetle4861: caused an explosion (TANKSHELL)
[22:34:00] [3N6in#7] Draikeur: caused an explosion (TANKSHELL)
[22:34:07] [3N6in#7] Draikeur: caused an explosion (TANKSHELL)
[22:34:09] [3N6in#7] Draikeur: caused an explosion (TANKSHELL)
[22:34:13] [3N6in#7] Draikeur: caused an explosion (TANKSHELL)
[22:34:15] [3N6in#7] Draikeur: caused an explosion (TANKSHELL)
[22:34:15] [3N6in#5] SharpBeetle4861: caused an explosion (PLANE)
[22:34:19] [3N6in#7] Draikeur: caused an explosion (TANKSHELL)
[22:34:31] [3N6in#7] Draikeur: caused an explosion (TANKSHELL)
[22:34:33] [3N6in#7] Draikeur: caused an explosion (TANKSHELL)
[22:34:33] [3N6in#5] SharpBeetle4861: caused an explosion (CAR)
[22:34:34] [3N6in#7] Draikeur: caused an explosion (TANKSHELL)
[22:34:47] [3N6in#7] Draikeur: caused an explosion (TANKSHELL)
[22:34:52] [3N6in#7] Draikeur: caused an explosion (TANKSHELL)
[22:35:05] [3N6in#7] Draikeur: caused an explosion (TANKSHELL)
[22:35:05] [3N6in#7] Draikeur: caused an explosion (CAR)
[22:35:08] [3N6in#7] Draikeur: caused an explosion (TANKSHELL)
[22:35:08] [3N6in#5] SharpBeetle4861: caused an explosion (TRUCK)
[22:35:09] [3N6in#5] SharpBeetle4861: caused an explosion (CAR)
[22:35:09] [3N6in#7] Draikeur: caused an explosion (TANKSHELL)
[22:35:11] [3N6in#7] Draikeur: caused an explosion (TANKSHELL)
[22:35:11] [3N6in#5] SharpBeetle4861: caused an explosion (TRUCK)
[22:35:28] [3N6in#7] Draikeur: caused an explosion (CAR)
[22:35:40] [3N6in#7] Draikeur: caused an explosion (STICKYBOMB)
[22:35:41] [3N6in#7] Draikeur: caused an explosion (STICKYBOMB)
[22:35:41] [3N6in#7] Draikeur: caused an explosion (STICKYBOMB)
[22:35:41] [3N6in#7] Draikeur: caused an explosion (STICKYBOMB)
[22:35:41] [3N6in#7] Draikeur: caused an explosion (CAR)
[22:35:41] [3N6in#7] Draikeur: caused an explosion (STICKYBOMB)
[22:49:05] [3N6in#6] PaleSpider6524: caused an explosion (GRENADE)
[22:51:20] [3N6in#5] SharpBeetle4861: caused an explosion (RAILGUN)
[22:51:21] [3N6in#5] SharpBeetle4861: caused an explosion (RAILGUN)
[22:51:23] [3N6in#5] SharpBeetle4861: caused an explosion (RAILGUN)
[22:55:57] [3N6in#6] PaleSpider6524: died from suicide (Falling)
[22:56:11] [3N6in#5] SharpBeetle4861: disconnected (Server->client connection timed out. Last seen 32757 msec ago.)
[22:56:20] [3N6in#7] Draikeur: disconnected (Server->client connection timed out. Last seen 42255 msec ago.)
[22:56:58] [3N6in#8] SharpBeetle4861: joined with identifiers [license:e5b4…e2c2, xbl:2535…0245, live:1055…7406, discord:7872…2200, fivem:18338370, license2:e5b4…e2c2]
[22:57:42] [3N6in#9] Draikeur: joined with identifiers [license:1a9a…dbf0, xbl:2535…0137, live:1055…5826, discord:1023…3986, license2:1a9a…dbf0]
[22:58:07] [3N6in#8] SharpBeetle4861: died from suicide (Falling)
[23:00:47] [3N6in#8] SharpBeetle4861: disconnected (Server->client connection timed out. Last seen 9711 msec ago.)
[23:01:20] [3N6in#9] Draikeur: disconnected (Server->client connection timed out. Last seen 18329 msec ago.)
[23:01:31] [3N6in#6] PaleSpider6524: disconnected (Exiting)
