================================================================
======== txAdmin v8.0.1 atop fxserver 27787 Starting - 09/04/2026 17:29:48
================================================================
================================================================
======== Log Rotated - 09/04/2026 17:29:49                      
================================================================
[17:29:59] txAdmin: Logger started
[17:35:28] [ReDbD#1] PaleSpider6524: joined with identifiers [license:9c55…a320, xbl:2535…0478, live:9147…4271, discord:6735…2252, license2:9c55…a320]
[18:02:30] txAdmin: Logger started
[18:03:33] [MUmWw#1] PaleSpider6524: joined with identifiers [license:9c55…a320, xbl:2535…0478, live:9147…4271, discord:6735…2252, license2:9c55…a320]
[18:05:49] [MUmWw#1] PaleSpider6524: died from suicide
[18:12:58] [MUmWw#2] SharpBeetle4861: joined with identifiers [license:e5b4…e2c2, xbl:2535…0245, live:1055…7406, discord:7872…2200, fivem:18338370, license2:e5b4…e2c2]
[18:14:33] [MUmWw#3] Draikeur: joined with identifiers [license:1a9a…dbf0, xbl:2535…0137, live:1055…5826, discord:1023…3986, license2:1a9a…dbf0]
[18:15:01] [MUmWw#2] SharpBeetle4861: caused an explosion (GRENADELAUNCHER)
[18:15:03] [MUmWw#2] SharpBeetle4861: caused an explosion (GRENADELAUNCHER)
[18:15:03] [MUmWw#2] SharpBeetle4861: caused an explosion (PETROL_PUMP)
[18:15:03] [MUmWw#1] PaleSpider6524: caused an explosion (CAR)
[18:15:03] [MUmWw#2] SharpBeetle4861: caused an explosion (PETROL_PUMP)
[18:15:29] [MUmWw#1] PaleSpider6524: caused an explosion (GRENADE)
[18:15:36] [MUmWw#2] SharpBeetle4861: caused an explosion (STICKYBOMB)
[18:15:36] [MUmWw#2] SharpBeetle4861: caused an explosion (PETROL_PUMP)
[18:15:40] [MUmWw#2] SharpBeetle4861: caused an explosion (STICKYBOMB)
[18:15:42] [MUmWw#2] SharpBeetle4861: caused an explosion (STICKYBOMB)
[18:15:46] [MUmWw#2] SharpBeetle4861: caused an explosion (STICKYBOMB)
[18:15:46] [MUmWw#2] SharpBeetle4861: caused an explosion (PETROL_PUMP)
[18:15:46] [MUmWw#2] SharpBeetle4861: caused an explosion (PETROL_PUMP)
[18:15:49] [MUmWw#2] SharpBeetle4861: caused an explosion (STICKYBOMB)
[18:15:52] [MUmWw#2] SharpBeetle4861: caused an explosion (STICKYBOMB)
[18:16:06] [MUmWw#1] PaleSpider6524: caused an explosion (GRENADELAUNCHER)
[18:16:06] [MUmWw#1] PaleSpider6524: died from suicide (Grenade Launcher)
[18:16:15] [MUmWw#3] Draikeur: caused an explosion (GRENADELAUNCHER)
[18:16:20] [MUmWw#2] SharpBeetle4861: caused an explosion (GRENADELAUNCHER)
[18:16:32] [MUmWw#3] Draikeur: caused an explosion (GRENADELAUNCHER)
[18:16:33] [MUmWw#3] Draikeur: died from suicide (Grenade Launcher)
[18:27:36] [MUmWw#2] SharpBeetle4861: caused an explosion (GRENADELAUNCHER)
[18:28:03] [MUmWw#1] PaleSpider6524: caused an explosion (GRENADE)
[18:28:08] [MUmWw#3] Draikeur: caused an explosion (GRENADE)
[18:28:08] [MUmWw#1] PaleSpider6524: caused an explosion (CAR)
[18:28:16] [MUmWw#3] Draikeur: caused an explosion (GRENADE)
[18:28:18] [MUmWw#3] Draikeur: caused an explosion (GRENADE)
[18:28:20] [MUmWw#3] Draikeur: caused an explosion (GRENADE)
[18:28:21] [MUmWw#3] Draikeur: caused an explosion (GRENADE)
[18:28:23] [MUmWw#3] Draikeur: caused an explosion (GRENADE)
[18:28:24] [MUmWw#3] Draikeur: caused an explosion (GRENADE)
[18:28:25] [MUmWw#3] Draikeur: caused an explosion (GRENADE)
[18:28:27] [MUmWw#3] Draikeur: caused an explosion (GRENADE)
[18:28:28] [MUmWw#3] Draikeur: caused an explosion (GRENADE)
[18:28:30] [MUmWw#3] Draikeur: caused an explosion (GRENADE)
[18:28:32] [MUmWw#1] PaleSpider6524: caused an explosion (GRENADE)
[18:28:32] [MUmWw#1] PaleSpider6524: died from suicide (Grenade)
[18:28:33] [MUmWw#1] PaleSpider6524: caused an explosion (GRENADE)
[18:28:33] [MUmWw#3] Draikeur: caused an explosion (GRENADE)
[18:28:34] [MUmWw#1] PaleSpider6524: caused an explosion (GRENADE)
[18:28:39] [MUmWw#3] Draikeur: caused an explosion (GRENADE)
[18:28:39] [MUmWw#3] Draikeur: died from suicide (Grenade)
[18:29:15] [MUmWw#1] PaleSpider6524: caused an explosion (PLANE_ROCKET)
[18:29:15] [MUmWw#1] PaleSpider6524: caused an explosion (PROPANE)
[18:29:15] [MUmWw#1] PaleSpider6524: caused an explosion (PROPANE)
[18:29:19] [MUmWw#1] PaleSpider6524: caused an explosion (PLANE_ROCKET)
[18:29:20] [MUmWw#1] PaleSpider6524: caused an explosion (PLANE_ROCKET)
[18:29:20] [MUmWw#1] PaleSpider6524: caused an explosion (PROPANE)
[18:29:23] [MUmWw#1] PaleSpider6524: caused an explosion (PLANE_ROCKET)
[18:29:26] [MUmWw#1] PaleSpider6524: caused an explosion (PLANE_ROCKET)
[18:29:29] [MUmWw#1] PaleSpider6524: caused an explosion (PLANE_ROCKET)
[18:30:01] [MUmWw#1] PaleSpider6524: caused an explosion (PLANE_ROCKET)
[18:30:17] [MUmWw#1] PaleSpider6524: caused an explosion (PLANE_ROCKET)
[18:30:18] [MUmWw#1] PaleSpider6524: caused an explosion (PLANE_ROCKET)
[18:30:31] [MUmWw#3] Draikeur: caused an explosion (UNKNOWN)
[18:30:35] [MUmWw#3] Draikeur: caused an explosion (UNKNOWN)
[18:30:39] [MUmWw#3] Draikeur: caused an explosion (UNKNOWN)
[18:30:39] [MUmWw#1] PaleSpider6524: caused an explosion (PLANE)
[18:30:39] [MUmWw#1] PaleSpider6524: died from suicide (Explosion)
[18:30:41] [MUmWw#3] Draikeur: caused an explosion (UNKNOWN)
[18:30:42] [MUmWw#3] Draikeur: caused an explosion (UNKNOWN)
[18:30:45] [MUmWw#3] Draikeur: caused an explosion (UNKNOWN)
[18:31:07] [MUmWw#3] Draikeur: caused an explosion (UNKNOWN)
[18:31:13] [MUmWw#3] Draikeur: caused an explosion (UNKNOWN)
[18:31:24] [MUmWw#3] Draikeur: died from suicide
[18:34:03] [MUmWw#3] Draikeur: died from suicide (Rammed by Vehicle)
[18:37:57] [MUmWw#1] PaleSpider6524: died from suicide (Carbine Rifle)
[18:37:59] [MUmWw#3] Draikeur: caused an explosion (PLANE)
[18:38:20] [MUmWw#3] Draikeur: died from suicide (Pump Shotgun)
[18:38:26] [MUmWw#1] PaleSpider6524: caused an explosion (PLANE)
[18:38:36] [MUmWw#1] PaleSpider6524: died from suicide (Pistol)
[18:38:54] [MUmWw#3] Draikeur: died from suicide (Pump Shotgun)
[18:39:24] [MUmWw#1] PaleSpider6524: died from suicide (Falling)
[18:49:35] [MUmWw#2] SharpBeetle4861: died from suicide (Falling)
[18:51:35] [MUmWw#1] PaleSpider6524: died from suicide
[18:51:40] [MUmWw#2] SharpBeetle4861: caused an explosion (GRENADELAUNCHER)
[18:51:44] [MUmWw#2] SharpBeetle4861: caused an explosion (GRENADELAUNCHER)
[18:58:32] [MUmWw#1] PaleSpider6524: caused an explosion (PETROL_PUMP)
[18:58:32] [MUmWw#3] Draikeur: caused an explosion (PETROL_PUMP)
[18:58:32] [MUmWw#3] Draikeur: caused an explosion (CAR)
[18:58:32] [MUmWw#3] Draikeur: died from suicide (Explosion)
[19:01:06] [MUmWw#2] SharpBeetle4861: caused an explosion (GRENADELAUNCHER)
[19:01:06] [MUmWw#2] SharpBeetle4861: caused an explosion (GRENADELAUNCHER)
[19:01:06] [MUmWw#2] SharpBeetle4861: caused an explosion (GRENADELAUNCHER)
[19:01:06] [MUmWw#2] SharpBeetle4861: caused an explosion (PETROL_PUMP)
[19:01:06] [MUmWw#3] Draikeur: caused an explosion (PETROL_PUMP)
[19:01:07] [MUmWw#2] SharpBeetle4861: caused an explosion (GRENADELAUNCHER)
[19:01:07] [MUmWw#2] SharpBeetle4861: caused an explosion (GRENADELAUNCHER)
[19:01:07] [MUmWw#2] SharpBeetle4861: caused an explosion (GRENADELAUNCHER)
[19:01:07] [MUmWw#2] SharpBeetle4861: caused an explosion (GRENADELAUNCHER)
[19:01:07] [MUmWw#2] SharpBeetle4861: caused an explosion (GRENADELAUNCHER)
[19:01:07] [MUmWw#2] SharpBeetle4861: caused an explosion (PETROL_PUMP)
[19:01:08] [MUmWw#2] SharpBeetle4861: caused an explosion (GRENADELAUNCHER)
[19:01:09] [MUmWw#2] SharpBeetle4861: caused an explosion (GRENADELAUNCHER)
[19:01:09] [MUmWw#2] SharpBeetle4861: caused an explosion (GRENADELAUNCHER)
[19:01:09] [MUmWw#2] SharpBeetle4861: caused an explosion (GRENADELAUNCHER)
[19:01:09] [MUmWw#2] SharpBeetle4861: caused an explosion (GRENADELAUNCHER)
[19:01:10] [MUmWw#2] SharpBeetle4861: caused an explosion (GRENADELAUNCHER)
[19:01:10] [MUmWw#2] SharpBeetle4861: caused an explosion (GRENADELAUNCHER)
[19:01:10] [MUmWw#2] SharpBeetle4861: caused an explosion (GRENADELAUNCHER)
[19:01:10] [MUmWw#2] SharpBeetle4861: caused an explosion (GRENADELAUNCHER)
[19:01:10] [MUmWw#2] SharpBeetle4861: caused an explosion (GRENADELAUNCHER)
[19:01:12] [MUmWw#2] SharpBeetle4861: caused an explosion (GRENADELAUNCHER)
[19:01:12] [MUmWw#2] SharpBeetle4861: caused an explosion (GRENADELAUNCHER)
[19:01:12] [MUmWw#2] SharpBeetle4861: caused an explosion (GRENADELAUNCHER)
[19:01:12] [MUmWw#2] SharpBeetle4861: caused an explosion (GRENADELAUNCHER)
[19:01:12] [MUmWw#2] SharpBeetle4861: caused an explosion (CAR)
[19:01:12] [MUmWw#2] SharpBeetle4861: caused an explosion (GRENADELAUNCHER)
[19:01:13] [MUmWw#2] SharpBeetle4861: caused an explosion (GRENADELAUNCHER)
[19:01:13] [MUmWw#2] SharpBeetle4861: caused an explosion (GRENADELAUNCHER)
[19:01:13] [MUmWw#2] SharpBeetle4861: caused an explosion (GRENADELAUNCHER)
[19:01:14] [MUmWw#2] SharpBeetle4861: caused an explosion (GRENADELAUNCHER)
[19:01:14] [MUmWw#2] SharpBeetle4861: caused an explosion (GRENADELAUNCHER)
[19:01:14] [MUmWw#2] SharpBeetle4861: caused an explosion (GRENADELAUNCHER)
[19:01:14] [MUmWw#2] SharpBeetle4861: caused an explosion (GRENADELAUNCHER)
[19:01:25] [MUmWw#2] SharpBeetle4861: caused an explosion (GRENADELAUNCHER)
[19:01:26] [MUmWw#2] SharpBeetle4861: caused an explosion (CAR)
[19:01:26] [MUmWw#2] SharpBeetle4861: caused an explosion (CAR)
[19:01:41] [MUmWw#2] SharpBeetle4861: caused an explosion (GRENADELAUNCHER)
[19:02:20] [MUmWw#2] SharpBeetle4861: caused an explosion (PETROL_PUMP)
[19:03:45] [MUmWw#3] Draikeur: caused an explosion (PETROL_PUMP)
[19:03:45] [MUmWw#2] SharpBeetle4861: caused an explosion (PETROL_PUMP)
[19:03:45] [MUmWw#3] Draikeur: caused an explosion (CAR)
[19:03:45] [MUmWw#3] Draikeur: caused an explosion (PETROL_PUMP)
[19:03:45] [MUmWw#3] Draikeur: died from suicide (Explosion)
[19:04:45] [MUmWw#2] SharpBeetle4861: caused an explosion (PETROL_PUMP)
[19:06:36] [MUmWw#3] Draikeur: caused an explosion (TANKSHELL)
[19:06:36] [MUmWw#3] Draikeur: caused an explosion (CAR)
[19:06:45] [MUmWw#3] Draikeur: caused an explosion (TANKSHELL)
[19:07:13] [MUmWw#2] SharpBeetle4861: caused an explosion (TORPEDO)
[19:07:16] [MUmWw#2] SharpBeetle4861: caused an explosion (TORPEDO)
[19:07:17] [MUmWw#2] SharpBeetle4861: caused an explosion (TORPEDO)
[19:07:18] [MUmWw#2] SharpBeetle4861: caused an explosion (TORPEDO)
[19:07:19] [MUmWw#2] SharpBeetle4861: caused an explosion (TORPEDO)
[19:07:21] [MUmWw#2] SharpBeetle4861: caused an explosion (TORPEDO)
[19:07:40] [MUmWw#3] Draikeur: caused an explosion (TANKSHELL)
[19:07:57] [MUmWw#3] Draikeur: caused an explosion (TANKSHELL)
[19:07:58] [MUmWw#3] Draikeur: caused an explosion (TANKSHELL)
[19:07:59] [MUmWw#3] Draikeur: caused an explosion (TANKSHELL)
[19:08:01] [MUmWw#3] Draikeur: caused an explosion (TANKSHELL)
[19:08:03] [MUmWw#3] Draikeur: caused an explosion (TANKSHELL)
[19:08:05] [MUmWw#3] Draikeur: caused an explosion (BLIMP)
[19:08:05] [MUmWw#3] Draikeur: caused an explosion (BLIMP)
[19:08:05] [MUmWw#3] Draikeur: caused an explosion (BLIMP)
[19:08:05] [MUmWw#3] Draikeur: caused an explosion (BLIMP)
[19:08:26] [MUmWw#3] Draikeur: caused an explosion (TANKSHELL)
[19:09:41] [MUmWw#2] SharpBeetle4861: caused an explosion (UNKNOWN)
[19:09:41] [MUmWw#2] SharpBeetle4861: caused an explosion (UNKNOWN)
[19:09:41] [MUmWw#2] SharpBeetle4861: caused an explosion (UNKNOWN)
[19:09:41] [MUmWw#2] SharpBeetle4861: caused an explosion (UNKNOWN)
[19:09:41] [MUmWw#2] SharpBeetle4861: caused an explosion (UNKNOWN)
[19:09:41] [MUmWw#2] SharpBeetle4861: caused an explosion (UNKNOWN)
[19:09:41] [MUmWw#2] SharpBeetle4861: caused an explosion (UNKNOWN)
[19:09:42] [MUmWw#2] SharpBeetle4861: caused an explosion (UNKNOWN)
[19:09:42] [MUmWw#2] SharpBeetle4861: caused an explosion (UNKNOWN)
[19:09:43] [MUmWw#2] SharpBeetle4861: caused an explosion (UNKNOWN)
[19:09:43] [MUmWw#2] SharpBeetle4861: caused an explosion (UNKNOWN)
[19:09:43] [MUmWw#2] SharpBeetle4861: caused an explosion (UNKNOWN)
[19:09:44] [MUmWw#2] SharpBeetle4861: caused an explosion (UNKNOWN)
[19:09:44] [MUmWw#2] SharpBeetle4861: caused an explosion (UNKNOWN)
[19:09:44] [MUmWw#2] SharpBeetle4861: caused an explosion (UNKNOWN)
[19:09:44] [MUmWw#2] SharpBeetle4861: caused an explosion (UNKNOWN)
[19:09:44] [MUmWw#2] SharpBeetle4861: caused an explosion (UNKNOWN)
[19:09:44] [MUmWw#2] SharpBeetle4861: caused an explosion (UNKNOWN)
[19:09:44] [MUmWw#2] SharpBeetle4861: caused an explosion (UNKNOWN)
[19:09:44] [MUmWw#2] SharpBeetle4861: caused an explosion (UNKNOWN)
[19:09:44] [MUmWw#2] SharpBeetle4861: caused an explosion (UNKNOWN)
[19:09:44] [MUmWw#2] SharpBeetle4861: caused an explosion (UNKNOWN)
[19:09:44] [MUmWw#2] SharpBeetle4861: caused an explosion (UNKNOWN)
[19:09:44] [MUmWw#2] SharpBeetle4861: caused an explosion (UNKNOWN)
[19:09:45] [MUmWw#2] SharpBeetle4861: caused an explosion (UNKNOWN)
[19:09:45] [MUmWw#2] SharpBeetle4861: caused an explosion (UNKNOWN)
[19:09:45] [MUmWw#2] SharpBeetle4861: caused an explosion (UNKNOWN)
[19:09:45] [MUmWw#2] SharpBeetle4861: caused an explosion (UNKNOWN)
[19:09:45] [MUmWw#2] SharpBeetle4861: caused an explosion (UNKNOWN)
[19:09:45] [MUmWw#2] SharpBeetle4861: caused an explosion (UNKNOWN)
[19:09:45] [MUmWw#2] SharpBeetle4861: caused an explosion (UNKNOWN)
[19:09:45] [MUmWw#2] SharpBeetle4861: caused an explosion (UNKNOWN)
[19:09:48] [MUmWw#2] SharpBeetle4861: caused an explosion (UNKNOWN)
[19:09:48] [MUmWw#2] SharpBeetle4861: caused an explosion (UNKNOWN)
[19:09:48] [MUmWw#2] SharpBeetle4861: caused an explosion (UNKNOWN)
[19:09:48] [MUmWw#2] SharpBeetle4861: caused an explosion (UNKNOWN)
[19:09:48] [MUmWw#2] SharpBeetle4861: caused an explosion (UNKNOWN)
[19:09:49] [MUmWw#2] SharpBeetle4861: caused an explosion (UNKNOWN)
[19:09:49] [MUmWw#2] SharpBeetle4861: caused an explosion (UNKNOWN)
[19:09:49] [MUmWw#2] SharpBeetle4861: caused an explosion (UNKNOWN)
[19:09:49] [MUmWw#2] SharpBeetle4861: caused an explosion (UNKNOWN)
[19:09:49] [MUmWw#2] SharpBeetle4861: caused an explosion (UNKNOWN)
[19:09:49] [MUmWw#2] SharpBeetle4861: caused an explosion (UNKNOWN)
[19:09:49] [MUmWw#2] SharpBeetle4861: caused an explosion (UNKNOWN)
[19:09:49] [MUmWw#2] SharpBeetle4861: caused an explosion (UNKNOWN)
[19:09:49] [MUmWw#2] SharpBeetle4861: caused an explosion (UNKNOWN)
[19:09:49] [MUmWw#2] SharpBeetle4861: caused an explosion (UNKNOWN)
[19:09:49] [MUmWw#2] SharpBeetle4861: caused an explosion (UNKNOWN)
[19:09:49] [MUmWw#2] SharpBeetle4861: caused an explosion (UNKNOWN)
[19:09:50] [MUmWw#2] SharpBeetle4861: caused an explosion (UNKNOWN)
[19:09:50] [MUmWw#2] SharpBeetle4861: caused an explosion (UNKNOWN)
[19:09:50] [MUmWw#2] SharpBeetle4861: caused an explosion (UNKNOWN)
[19:09:50] [MUmWw#2] SharpBeetle4861: caused an explosion (UNKNOWN)
[19:09:50] [MUmWw#2] SharpBeetle4861: caused an explosion (UNKNOWN)
[19:09:50] [MUmWw#2] SharpBeetle4861: caused an explosion (UNKNOWN)
[19:09:51] [MUmWw#2] SharpBeetle4861: caused an explosion (UNKNOWN)
[19:09:51] [MUmWw#2] SharpBeetle4861: caused an explosion (UNKNOWN)
[19:09:51] [MUmWw#2] SharpBeetle4861: caused an explosion (UNKNOWN)
[19:09:51] [MUmWw#2] SharpBeetle4861: caused an explosion (UNKNOWN)
[19:09:51] [MUmWw#2] SharpBeetle4861: caused an explosion (UNKNOWN)
[19:09:51] [MUmWw#2] SharpBeetle4861: caused an explosion (UNKNOWN)
[19:11:04] [MUmWw#3] Draikeur: caused an explosion (PLANE)
[19:11:04] [MUmWw#3] Draikeur: died from Explosion by SharpBeetle4861
[19:11:37] [MUmWw#2] SharpBeetle4861: caused an explosion (PLANE)
[19:11:43] [MUmWw#3] Draikeur: caused an explosion (PLANE)
[19:11:54] [MUmWw#2] SharpBeetle4861: caused an explosion (GRENADELAUNCHER)
[19:11:54] [MUmWw#2] SharpBeetle4861: caused an explosion (BLIMP)
[19:11:54] [MUmWw#2] SharpBeetle4861: caused an explosion (BLIMP)
[19:11:54] [MUmWw#2] SharpBeetle4861: caused an explosion (BLIMP)
[19:11:54] [MUmWw#2] SharpBeetle4861: caused an explosion (BLIMP)
[19:12:09] [MUmWw#2] SharpBeetle4861: caused an explosion (GRENADELAUNCHER)
[19:12:20] [MUmWw#2] SharpBeetle4861: caused an explosion (RAYGUN)
[19:12:22] [MUmWw#2] SharpBeetle4861: caused an explosion (RAYGUN)
[19:12:24] [MUmWw#2] SharpBeetle4861: caused an explosion (RAYGUN)
[19:12:26] [MUmWw#3] Draikeur: caused an explosion (TORPEDO)
[19:12:28] [MUmWw#3] Draikeur: caused an explosion (TORPEDO)
[19:12:29] [MUmWw#2] SharpBeetle4861: caused an explosion (RAYGUN)
[19:12:31] [MUmWw#2] SharpBeetle4861: caused an explosion (RAYGUN)
[19:13:01] [MUmWw#2] SharpBeetle4861: disconnected (Exiting)
[19:13:16] [MUmWw#1] PaleSpider6524: disconnected (Exiting)
[19:13:24] [MUmWw#3] Draikeur: disconnected (Exiting)
